2020-07-07 21:24:37,547 INFO PERFORMANCE:|0|0|-1|-1

2020-07-07 21:26:24,287 INFO PERFORMANCE:|0|0|-1|-1

2020-07-07 21:31:24,288 INFO PERFORMANCE:|0|0|-1|-1

2020-07-07 21:36:24,288 INFO PERFORMANCE:|0|0|-1|-1

2020-07-07 21:41:24,290 INFO PERFORMANCE:|0|0|-1|-1

2020-07-07 21:46:24,291 INFO PERFORMANCE:|0|0|-1|-1

2020-07-07 21:51:24,292 INFO PERFORMANCE:|0|0|-1|-1

2020-07-07 21:56:24,293 INFO PERFORMANCE:|0|0|-1|-1

2020-07-07 22:01:24,294 INFO PERFORMANCE:|0|0|-1|-1

2020-07-07 22:06:24,296 INFO PERFORMANCE:|0|0|-1|-1

2020-07-07 22:11:24,297 INFO PERFORMANCE:|0|0|-1|-1

2020-07-07 22:13:15,307 INFO PERFORMANCE:|0|0|-1|-1

2020-07-07 22:18:15,307 INFO PERFORMANCE:|0|0|-1|-1

2020-07-07 22:23:15,309 INFO PERFORMANCE:|0|0|-1|-1

2020-07-07 22:28:15,311 INFO PERFORMANCE:|0|0|-1|-1

2020-07-07 22:33:15,311 INFO PERFORMANCE:|0|0|-1|-1

2020-07-07 22:38:15,313 INFO PERFORMANCE:|0|0|-1|-1

2020-07-07 22:43:15,314 INFO PERFORMANCE:|0|0|-1|-1

2020-07-07 22:48:15,315 INFO PERFORMANCE:|0|0|-1|-1

2020-07-07 22:53:15,317 INFO PERFORMANCE:|0|0|-1|-1

2020-07-07 22:58:15,318 INFO PERFORMANCE:|0|0|-1|-1

2020-07-07 23:03:15,320 INFO PERFORMANCE:|0|0|-1|-1

2020-07-07 23:08:15,320 INFO PERFORMANCE:|0|0|-1|-1

